<?xml version="1.0" encoding="UTF-8"?>
<!-- Generated by org.testng.reporters.JUnitReportReporter -->
<testsuite hostname="Shailesh" name="com.training.webdrivertest.NavigateTest" tests="1" failures="0" timestamp="5 Jul 2015 10:00:22 GMT" time="10.172" errors="0">
  <testcase name="navigation" time="10.172" classname="com.training.webdrivertest.NavigateTest"/>
</testsuite> <!-- com.training.webdrivertest.NavigateTest -->
