<?xml version="1.0" encoding="UTF-8"?>
<!-- Generated by org.testng.reporters.JUnitReportReporter -->
<testsuite hostname="Shailesh" name="com.training.webdrivertest.searchByJobType" tests="1" failures="0" timestamp="13 Jun 2015 09:34:50 GMT" time="10.570" errors="0">
  <testcase name="searchBySalary" time="10.570" classname="com.training.webdrivertest.searchByJobType"/>
</testsuite> <!-- com.training.webdrivertest.searchByJobType -->
