<?xml version="1.0" encoding="UTF-8"?>
<!-- Generated by org.testng.reporters.JUnitReportReporter -->
<testsuite hostname="Shailesh" name="com.training.practice.GoogleAutoSuggession" tests="1" failures="0" timestamp="5 Jul 2015 07:22:17 GMT" time="4.676" errors="0">
  <testcase name="Google" time="4.676" classname="com.training.practice.GoogleAutoSuggession"/>
</testsuite> <!-- com.training.practice.GoogleAutoSuggession -->
