<?xml version="1.0" encoding="UTF-8"?>
<!-- Generated by org.testng.reporters.JUnitReportReporter -->
<testsuite hostname="Shailesh" name="com.training.webdrivertestbcs.SnapDealTest" tests="1" failures="0" timestamp="20 Jun 2015 05:10:29 GMT" time="23.396" errors="0">
  <testcase name="test1" time="23.396" classname="com.training.webdrivertestbcs.SnapDealTest"/>
</testsuite> <!-- com.training.webdrivertestbcs.SnapDealTest -->
