<?xml version="1.0" encoding="UTF-8"?>
<!-- Generated by org.testng.reporters.JUnitReportReporter -->
<testsuite hostname="Shailesh" name="com.nk.common.NewTest" tests="1" failures="0" timestamp="6 Jul 2015 18:14:53 GMT" time="0.063" errors="0">
  <testcase name="f" time="0.063" classname="com.nk.common.NewTest"/>
</testsuite> <!-- com.nk.common.NewTest -->
