<?xml version="1.0" encoding="UTF-8"?>
<!-- Generated by org.testng.reporters.JUnitReportReporter -->
<testsuite hostname="Shailesh" name="com.training.webdrivertest.BcsHandlingWindows" tests="1" failures="0" timestamp="4 Jul 2015 09:22:05 GMT" time="16.299" errors="0">
  <testcase name="HandleWindow" time="16.299" classname="com.training.webdrivertest.BcsHandlingWindows"/>
</testsuite> <!-- com.training.webdrivertest.BcsHandlingWindows -->
