<?xml version="1.0" encoding="UTF-8"?>
<!-- Generated by org.testng.reporters.JUnitReportReporter -->
<testsuite hostname="Shailesh" name="com.training.practice.AmazonWindowHandling" tests="1" failures="0" timestamp="4 Jul 2015 08:45:37 GMT" time="70.895" errors="0">
  <testcase name="Amazon" time="70.895" classname="com.training.practice.AmazonWindowHandling"/>
</testsuite> <!-- com.training.practice.AmazonWindowHandling -->
