<?xml version="1.0" encoding="UTF-8"?>
<!-- Generated by org.testng.reporters.JUnitReportReporter -->
<testsuite hostname="Shailesh" name="com.training.webdrivertestbcs.FlipkartToVerifyHomePageSubMenus_FPD_02" tests="1" failures="0" timestamp="29 Jun 2015 17:40:25 GMT" time="5.074" errors="0">
  <testcase name="flipSubMenuTest" time="5.074" classname="com.training.webdrivertestbcs.FlipkartToVerifyHomePageSubMenus_FPD_02"/>
</testsuite> <!-- com.training.webdrivertestbcs.FlipkartToVerifyHomePageSubMenus_FPD_02 -->
