<?xml version="1.0" encoding="UTF-8"?>
<!-- Generated by org.testng.reporters.JUnitReportReporter -->
<testsuite hostname="inl-cc126152-1" name="com.training.webdrivertest.NaukriFileUploading" tests="1" failures="0" timestamp="9 Aug 2015 05:42:19 GMT" time="35.400" errors="0">
  <testcase name="naukri" time="35.400" classname="com.training.webdrivertest.NaukriFileUploading"/>
</testsuite> <!-- com.training.webdrivertest.NaukriFileUploading -->
