<?xml version="1.0" encoding="UTF-8"?>
<!-- Generated by org.testng.reporters.JUnitReportReporter -->
<testsuite hostname="inl-cc126152-1" name="com.training.webdrivertest.MonsterTest" tests="2" failures="0" timestamp="3 Sep 2015 13:23:19 GMT" time="0.911" errors="0">
  <testcase name="FooterLinks" time="0.554" classname="com.training.webdrivertest.MonsterTest"/>
  <testcase name="HomePageTest" time="0.357" classname="com.training.webdrivertest.MonsterTest"/>
</testsuite> <!-- com.training.webdrivertest.MonsterTest -->
