<?xml version="1.0" encoding="UTF-8"?>
<!-- Generated by org.testng.reporters.JUnitReportReporter -->
<testsuite hostname="Shailesh" name="com.training.webdrivertest.searchByLocation" tests="1" failures="0" timestamp="12 Jun 2015 17:11:15 GMT" time="14.143" errors="0">
  <testcase name="test1" time="14.143" classname="com.training.webdrivertest.searchByLocation"/>
</testsuite> <!-- com.training.webdrivertest.searchByLocation -->
