<?xml version="1.0" encoding="UTF-8"?>
<!-- Generated by org.testng.reporters.JUnitReportReporter -->
<testsuite hostname="Shailesh" name="com.training.webdrivertestbcs.FlipkartPlaceOrger_FPD_04" tests="1" failures="0" timestamp="4 Jul 2015 04:45:31 GMT" time="34.629" errors="0">
  <testcase name="placeOrder" time="34.629" classname="com.training.webdrivertestbcs.FlipkartPlaceOrger_FPD_04"/>
</testsuite> <!-- com.training.webdrivertestbcs.FlipkartPlaceOrger_FPD_04 -->
